0 info it worked if it ends with ok
1 verbose cli [ 'D:\\nodejs\\\\node.exe',
1 verbose cli   'D:\\nodejs\\node_modules\\npm\\bin\\npm-cli.js',
1 verbose cli   'install',
1 verbose cli   'Imagemagick' ]
2 info using npm@1.4.28
3 info using node@v0.10.35
4 verbose node symlink D:\nodejs\\node.exe
5 warn package.json crypto@0.0.3 crypto is also the name of a node core module.
6 verbose readDependencies using package.json deps
7 verbose cache add [ 'Imagemagick', null ]
8 verbose cache add name=undefined spec="Imagemagick" args=["Imagemagick",null]
9 verbose parsed url { protocol: null,
9 verbose parsed url   slashes: null,
9 verbose parsed url   auth: null,
9 verbose parsed url   host: null,
9 verbose parsed url   port: null,
9 verbose parsed url   hostname: null,
9 verbose parsed url   hash: null,
9 verbose parsed url   search: null,
9 verbose parsed url   query: null,
9 verbose parsed url   pathname: 'Imagemagick',
9 verbose parsed url   path: 'Imagemagick',
9 verbose parsed url   href: 'Imagemagick' }
10 silly lockFile e9b351f2-Imagemagick Imagemagick
11 verbose lock Imagemagick C:\Users\曹鹏\AppData\Roaming\npm-cache\e9b351f2-Imagemagick.lock
12 silly lockFile e9b351f2-Imagemagick Imagemagick
13 silly lockFile e9b351f2-Imagemagick Imagemagick
14 verbose addNamed [ 'Imagemagick', '' ]
15 verbose addNamed [ null, '*' ]
16 silly lockFile 7238d9c8-Imagemagick Imagemagick@
17 verbose lock Imagemagick@ C:\Users\曹鹏\AppData\Roaming\npm-cache\7238d9c8-Imagemagick.lock
18 silly addNameRange { name: 'Imagemagick', range: '*', hasData: false }
19 verbose request where is /Imagemagick
20 verbose request registry https://registry.npmjs.org/
21 verbose request id 0e22aa79a54f7c40
22 verbose url raw /Imagemagick
23 verbose url resolving [ 'https://registry.npmjs.org/', './Imagemagick' ]
24 verbose url resolved https://registry.npmjs.org/Imagemagick
25 verbose request where is https://registry.npmjs.org/Imagemagick
26 info trying registry request attempt 1 at 16:13:05
27 http GET https://registry.npmjs.org/Imagemagick
28 http 404 https://registry.npmjs.org/Imagemagick
29 silly registry.get cb [ 404,
29 silly registry.get   { 'content-type': 'application/json',
29 silly registry.get     'cache-control': 'max-age=0',
29 silly registry.get     'content-length': '2',
29 silly registry.get     'accept-ranges': 'bytes',
29 silly registry.get     date: 'Mon, 04 Jul 2016 08:13:05 GMT',
29 silly registry.get     via: '1.1 varnish',
29 silly registry.get     age: '0',
29 silly registry.get     connection: 'keep-alive',
29 silly registry.get     'x-served-by': 'cache-itm7426-ITM',
29 silly registry.get     'x-cache': 'MISS',
29 silly registry.get     'x-cache-hits': '0',
29 silly registry.get     'x-timer': 'S1467619985.503712,VS0,VE152',
29 silly registry.get     vary: 'Accept-Encoding' } ]
30 silly lockFile 7238d9c8-Imagemagick Imagemagick@
31 silly lockFile 7238d9c8-Imagemagick Imagemagick@
32 error 404 Not Found
32 error 404
32 error 404 'Imagemagick' is not in the npm registry.
32 error 404 You should bug the author to publish it
32 error 404 It was specified as a dependency of 'nodejs-ex'
32 error 404
32 error 404 Note that you can also install from a
32 error 404 tarball, folder, or http url, or git url.
33 error System Windows_NT 6.1.7601
34 error command "D:\\nodejs\\\\node.exe" "D:\\nodejs\\node_modules\\npm\\bin\\npm-cli.js" "install" "Imagemagick"
35 error cwd D:\openshiftWorkSpace\ifriends
36 error node -v v0.10.35
37 error npm -v 1.4.28
38 error code E404
39 verbose exit [ 1, true ]
